<?xml version="1.0" encoding="UTF-8"?>
<testsuite xmlns:xsi="http://www.w3.org/2001/XMLSchema-instance" xsi:noNamespaceSchemaLocation="https://maven.apache.org/surefire/maven-surefire-plugin/xsd/surefire-test-report-3.0.xsd" version="3.0" name="com.smbirch.homemovies.services.impl.UserServiceImplTest" time="0.658" tests="1" errors="0" skipped="0" failures="0">
  <properties>
[...]
</properties>
  <testcase name="createUser_Success" classname="com.smbirch.homemovies.services.impl.UserServiceImplTest" time="0.648">
    <system-out><![CDATA[14:51:23,789 |-INFO in ch.qos.logback.classic.LoggerContext[default] - This is logback-classic version 1.4.14
14:51:23,790 |-INFO in ch.qos.logback.classic.util.ContextInitializer@c808207 - Here is a list of configurators discovered as a service, by rank: 
14:51:23,790 |-INFO in ch.qos.logback.classic.util.ContextInitializer@c808207 -   org.springframework.boot.logging.logback.RootLogLevelConfigurator
14:51:23,790 |-INFO in ch.qos.logback.classic.util.ContextInitializer@c808207 - They will be invoked in order until ExecutionStatus.DO_NOT_INVOKE_NEXT_IF_ANY is returned.
14:51:23,790 |-INFO in ch.qos.logback.classic.util.ContextInitializer@c808207 - Constructed configurator of type class org.springframework.boot.logging.logback.RootLogLevelConfigurator
14:51:23,793 |-INFO in ch.qos.logback.classic.util.ContextInitializer@c808207 - org.springframework.boot.logging.logback.RootLogLevelConfigurator.configure() call lasted 0 milliseconds. ExecutionStatus=INVOKE_NEXT_IF_ANY
14:51:23,793 |-INFO in ch.qos.logback.classic.util.ContextInitializer@c808207 - Trying to configure with ch.qos.logback.classic.joran.SerializedModelConfigurator
14:51:23,794 |-INFO in ch.qos.logback.classic.util.ContextInitializer@c808207 - Constructed configurator of type class ch.qos.logback.classic.joran.SerializedModelConfigurator
14:51:23,794 |-INFO in ch.qos.logback.classic.LoggerContext[default] - Could NOT find resource [logback-test.scmo]
14:51:23,794 |-INFO in ch.qos.logback.classic.LoggerContext[default] - Could NOT find resource [logback.scmo]
14:51:23,794 |-INFO in ch.qos.logback.classic.util.ContextInitializer@c808207 - ch.qos.logback.classic.joran.SerializedModelConfigurator.configure() call lasted 0 milliseconds. ExecutionStatus=INVOKE_NEXT_IF_ANY
14:51:23,794 |-INFO in ch.qos.logback.classic.util.ContextInitializer@c808207 - Trying to configure with ch.qos.logback.classic.util.DefaultJoranConfigurator
14:51:23,795 |-INFO in ch.qos.logback.classic.util.ContextInitializer@c808207 - Constructed configurator of type class ch.qos.logback.classic.util.DefaultJoranConfigurator
14:51:23,795 |-INFO in ch.qos.logback.classic.LoggerContext[default] - Could NOT find resource [logback-test.xml]
14:51:23,796 |-INFO in ch.qos.logback.classic.LoggerContext[default] - Found resource [logback.xml] at [file:/Users/spencerbirch/Documents/Code/homemovies/homevideos/backend/target/classes/logback.xml]
14:51:23,830 |-INFO in ch.qos.logback.core.model.processor.AppenderModelHandler - Processing appender named [FILE]
14:51:23,830 |-INFO in ch.qos.logback.core.model.processor.AppenderModelHandler - About to instantiate appender of type [ch.qos.logback.core.rolling.RollingFileAppender]
14:51:23,835 |-WARN in ch.qos.logback.core.model.processor.ImplicitModelHandler - Ignoring unknown property [maxFileSize] in [ch.qos.logback.core.rolling.TimeBasedRollingPolicy]
14:51:23,838 |-INFO in c.q.l.core.rolling.TimeBasedRollingPolicy@1997753864 - No compression will be used
14:51:23,839 |-INFO in c.q.l.core.rolling.TimeBasedRollingPolicy@1997753864 - Will use the pattern ./logs/server-%d{yyyy-MM-dd}.log for the active file
14:51:23,851 |-INFO in c.q.l.core.rolling.DefaultTimeBasedFileNamingAndTriggeringPolicy - The date pattern is 'yyyy-MM-dd' from file name pattern './logs/server-%d{yyyy-MM-dd}.log'.
14:51:23,851 |-INFO in c.q.l.core.rolling.DefaultTimeBasedFileNamingAndTriggeringPolicy - Roll-over at midnight.
14:51:23,853 |-INFO in c.q.l.core.rolling.DefaultTimeBasedFileNamingAndTriggeringPolicy - Setting initial period to 2024-10-08T23:48:49.103Z
14:51:23,854 |-INFO in ch.qos.logback.core.model.processor.ImplicitModelHandler - Assuming default type [ch.qos.logback.classic.encoder.PatternLayoutEncoder] for [encoder] property
14:51:23,858 |-INFO in ch.qos.logback.core.rolling.RollingFileAppender[FILE] - Active log file name: ./logs/server.log
14:51:23,858 |-INFO in ch.qos.logback.core.rolling.RollingFileAppender[FILE] - File property is set to [./logs/server.log]
14:51:23,859 |-INFO in ch.qos.logback.classic.model.processor.RootLoggerModelHandler - Setting level of ROOT logger to DEBUG
14:51:23,860 |-INFO in ch.qos.logback.core.model.processor.AppenderRefModelHandler - Attaching appender named [FILE] to Logger[ROOT]
14:51:23,860 |-INFO in ch.qos.logback.classic.model.processor.LoggerModelHandler - Setting level of logger [com.smbirch.homemovies] to DEBUG
14:51:23,861 |-INFO in ch.qos.logback.classic.model.processor.LoggerModelHandler - Setting additivity of logger [com.smbirch.homemovies] to false
14:51:23,861 |-INFO in ch.qos.logback.core.model.processor.AppenderRefModelHandler - Attaching appender named [FILE] to Logger[com.smbirch.homemovies]
14:51:23,861 |-INFO in ch.qos.logback.core.model.processor.DefaultProcessor@6a0cbc6f - End of configuration.
14:51:23,861 |-INFO in ch.qos.logback.classic.joran.JoranConfigurator@67110f71 - Registering current configuration as safe fallback point
14:51:23,861 |-INFO in ch.qos.logback.classic.util.ContextInitializer@c808207 - ch.qos.logback.classic.util.DefaultJoranConfigurator.configure() call lasted 66 milliseconds. ExecutionStatus=DO_NOT_INVOKE_NEXT_IF_ANY

]]></system-out>
    <system-err><![CDATA[WARNING: A Java agent has been loaded dynamically (/Users/spencerbirch/.m2/repository/net/bytebuddy/byte-buddy-agent/1.14.11/byte-buddy-agent-1.14.11.jar)
WARNING: If a serviceability tool is in use, please run with -XX:+EnableDynamicAgentLoading to hide this warning
WARNING: If a serviceability tool is not in use, please run with -Djdk.instrument.traceUsage for more information
WARNING: Dynamic loading of agents will be disallowed by default in a future release
]]></system-err>
  </testcase>
</testsuite>